|SourceProjectName:Lucid3 Player Help.hpr
|DestinationProjectName:default.htm
whhost.js
whmsg.js
whmozemu.js
whproxy.js
whstub.js
whutils.js
whver.js
whform.js
whphost.js
whstart.js
whtopic.js
whframes.js
whlang.js
whskin_info.htm
whskin_blank.htm
whskin_pickup.htm
whskin_homepage.htm
whskin_tw.htm
whnjs.htm
whthost.js
whtdhtml.htm
whihost.js
whibody.htm
whiform.htm
whfhost.js
whfbody.htm
whfform.htm
whghost.js
whgbody.htm
whgdhtml.htm
whgdef.htm
whproj.js
whproj.xml
whproj.htm
whxdata\whtoc.xml
whxdata\whidx.xml
whxdata\whfts.xml
whxdata\whglo.xml
whdata\whtoc.js
whdata\whtoc.htm
whdata\whtdata.js
whdata\whidx.js
whdata\whidx.htm
whdata\whidata.js
whdata\whfts.js
whdata\whfts.htm
whdata\whglo.js
whdata\whglo.htm
whdata\whgdata.js
whdata\whftdata.js
whdata\whfwdata.js
whres.xml
webhelp.jar
webhelp.cab
whgdata\whnvp30.htm
whgdata\whnvp31.htm
whgdata\whnvp32.htm
whgdata\whnvp33.htm
whgdata\whnvt30.htm
whgdata\whnvt31.htm
whgdata\whnvt32.htm
whgdata\whnvt33.htm
whgdata\whnvf30.htm
whgdata\whnvf31.htm
whgdata\whnvf32.htm
whgdata\whnvf33.htm
whgdata\whnvl31.htm
whgdata\whnvl32.htm
whgdata\whnvl33.htm
whgdata\whexpbar.gif
cshdat_webhelp.htm
whcsh_home.htm
whcshdata.htm
cshdat_robohelp.htm
wht_tab0.gif
wht_tab1.gif
wht_tab2.gif
wht_tab3.gif
wht_tab4.gif
wht_tab5.gif
wht_tab6.gif
wht_tab7.gif
wht_tab8.gif
wht_glo_h.gif
wht_glo_n.gif
wht_fts_h.gif
wht_fts_n.gif
wht_idx_h.gif
wht_idx_n.gif
wht_toc_h.gif
wht_toc_n.gif
wht_ws.gif
wht_ws_g.gif
wht_logo1.gif
wht_logo2.gif
wht_abgw.jpg
wht_abgi.jpg
wht_abge.jpg
wht_abtw.jpg
wht_abte.jpg
wht_abti.jpg
wht_spac.gif
wht_next.gif
wht_next_g.gif
wht_prev.gif
wht_prev_g.gif
wht_sync.gif
wht_hide.gif
wht_go.gif
whstart.ico
whestart.ico
whrstart.ico
whidhtml.htm
whfdhtml.htm
whskin_banner.htm
whtbar.js
contents_active.gif
contents.gif
index_active.gif
index.gif
search_active.gif
search.gif
glossary_active.gif
glossary.gif
go.gif
lucid_icon.gif
about_left.gif
about_title.gif
back_inactive.gif
back_active.gif
fwd_inactive.gif
fwd_active.gif
sync_button.gif
close.gif
bg.jpg
whskin_pdhtml.htm
whskin_papplet.htm
whskin_plist.htm
whskin_tbars.htm
whskin_mbars.htm
wht_toc4.gif
wht_toc1.gif
wht_toc2.gif
wht_toc3.gif
whskin_frmset010.htm
whst_topics.xml
whskin_frmset01.htm
default_hha.hhk
default.hhc
default.hhk
about_features_and_entities.htm
about_the_lucid_family_of_products.htm
best.htm
collapsing.htm
comparing_entities_the_differences_function.htm
feature_gallery_view.htm
finding_features.htm
how_to_check_if_you_have_java_installed.htm
intro.htm
java_-_what_does_it_mean_.htm
multimedia_in_the_lucid3_player.htm
multiple_states.htm
numeric_features.htm
opening_a_key.htm
pruning_the_feature_tree.htm
registration_and_activation.htm
restarting.htm
setting_up_the_player.htm
shortcuts_to_an_answer_-_the_shortcut_function.htm
system_requirements.htm
the_applet_player_and_application_player.htm
the_lucid_players_menu_and_button_bar.htm
trees_and_lists_in_lucid3.htm
un-choosing.htm
using_subsets_of_features_and_entities.htm
using_the_player.htm
what_does_the_lucid3_builder_do_.htm
what_is_a_java_applet_.htm
what_it_does.htm
why_discarded.htm
ehelp.xml
robohhre.lng
default.glo
default.css
images\simdiffs_25.gif
images\showfilters_25.gif
images\feature_tree_1.jpg
images\web_screenshot4.gif
images\player_message.gif
images\tree_expand.gif
images\imagemedia_16.gif
images\unchoosing_states.gif
images\feature_tree_2.jpg
images\player_message2.gif
images\findbest.gif
images\featureschosen_1.jpg
images\application-player.jpg
images\logo_solaris.gif
images\logo_apple.gif
images\feature_types.gif
images\restartkey_25.gif
images\multimedia_icons.gif
images\find.gif
images\featureentdiscard_1.jpg
images\filtered_mode.gif
page_header_player.jpg
images\nextbest.gif
images\applet-player.jpg
why_discarded.png
images\find_dialog.gif
whydiscarded_25.gif
images\lucid3_logo.gif
images\previousbest.gif
images\multiple_states.gif
images\get_java_blue-button.gif
images\web_login.gif
images\featuresavail_1.jpg
images\features_1.jpg
images\cmd.gif
player_toolbar.png
images\featureentremain_1.jpg
about_builder_small.png
images\shortcutfeatures_25.gif
images\htmlmedia_16.gif
images\shortcuts.gif
images\logo_windows.gif
images\expandtree_25.gif
images\collapsetree_25.gif
images\player_screen.gif
images\prune_redundants.gif
images\web_screenshot2.gif
images\differences.gif
images\logo_linux.gif
images\open_20.gif
images\web_screenshot3.gif
images\usekey_1.jpg
images\ranked_mode.gif
images\numerics_dialog.gif
ehlpdhtm.js
default.ppf
default_ns.css
whxdata\whtdata0.xml
whxdata\whidata0.xml
whxdata\whftdata0.xml
whxdata\whfwdata0.xml
whxdata\whfwdata1.xml
whxdata\whfwdata2.xml
whdata\whtdata0.htm
whdata\whidata0.htm
whdata\whftdata0.htm
whdata\whfwdata0.htm
whdata\whfwdata1.htm
whdata\whfwdata2.htm
whgdata\whlstt0.htm
whgdata\whlstt1.htm
whgdata\whlstt2.htm
whgdata\whlsti0.htm
whgdata\whlstfl0.htm
whgdata\whlstfl1.htm
whgdata\whlstfl2.htm
whgdata\whlstfl3.htm
whgdata\whlstfl4.htm
whgdata\whlstfl5.htm
whgdata\whlstfl6.htm
whgdata\whlstfl7.htm
whgdata\whlstfl8.htm
whgdata\whlstfl9.htm
whgdata\whlstfl10.htm
whgdata\whlstfl11.htm
whgdata\whlstfl12.htm
whgdata\whlstfl13.htm
whgdata\whlstfl14.htm
whgdata\whlstfl15.htm
whgdata\whlstfl16.htm
whgdata\whlstfl17.htm
whgdata\whlstfl18.htm
whgdata\whlstfl19.htm
whgdata\whlstfl20.htm
whgdata\whlstfl21.htm
whgdata\whlstfl22.htm
whgdata\whlstfl23.htm
whgdata\whlstf0.htm
whgdata\whlstf1.htm
whgdata\whlstf2.htm
whgdata\whlstf3.htm
whgdata\whlstf4.htm
whgdata\whlstf5.htm
whgdata\whlstf6.htm
whgdata\whlstg0.htm
default.htm
default_csh.htm
default_rhc.htm
